2025-03-25T15:25:56.432+0300 [DEBUG] [org.gradle.launcher.daemon.bootstrap.DaemonMain] Assuming the daemon was started with following jvm opts: [--add-opens=java.base/java.util=ALL-UNNAMED, --add-opens=java.base/java.lang=ALL-UNNAMED, --add-opens=java.base/java.lang.invoke=ALL-UNNAMED, --add-opens=java.prefs/java.util.prefs=ALL-UNNAMED, --add-exports=jdk.compiler/com.sun.tools.javac.api=ALL-UNNAMED, --add-exports=jdk.compiler/com.sun.tools.javac.util=ALL-UNNAMED, --add-opens=java.base/java.nio.charset=ALL-UNNAMED, --add-opens=java.base/java.net=ALL-UNNAMED, --add-opens=java.base/java.util.concurrent.atomic=ALL-UNNAMED, -XX:MaxMetaspaceSize=384m, -XX:+HeapDumpOnOutOfMemoryError, -Xms256m, -Xmx512m, -Dfile.encoding=UTF-8, -Duser.country=RU, -Duser.language=ru, -Duser.variant]
2025-03-25T15:25:56.537+0300 [DEBUG] [org.gradle.internal.nativeintegration.services.NativeServices] Native-platform posix files integration is not available. Continuing with fallback.
2025-03-25T15:25:56.559+0300 [INFO] [org.gradle.launcher.daemon.server.Daemon] start() called on daemon - DefaultDaemonContext[uid=b56dd19c-5922-4433-8172-754ae1ff5ebb,javaHome=C:\Users\Сергей\.jdks\corretto-16.0.2,javaVersion=16,javaVendor=Amazon.com Inc.,daemonRegistryDir=C:\Kotlin\avtotest\avtotest\daemon,pid=7308,idleTimeout=10800000,priority=NORMAL,applyInstrumentationAgent=true,nativeServicesMode=ENABLED,daemonOpts=--add-opens=java.base/java.util=ALL-UNNAMED,--add-opens=java.base/java.lang=ALL-UNNAMED,--add-opens=java.base/java.lang.invoke=ALL-UNNAMED,--add-opens=java.prefs/java.util.prefs=ALL-UNNAMED,--add-exports=jdk.compiler/com.sun.tools.javac.api=ALL-UNNAMED,--add-exports=jdk.compiler/com.sun.tools.javac.util=ALL-UNNAMED,--add-opens=java.base/java.nio.charset=ALL-UNNAMED,--add-opens=java.base/java.net=ALL-UNNAMED,--add-opens=java.base/java.util.concurrent.atomic=ALL-UNNAMED,-XX:MaxMetaspaceSize=384m,-XX:+HeapDumpOnOutOfMemoryError,-Xms256m,-Xmx512m,-Dfile.encoding=UTF-8,-Duser.country=RU,-Duser.language=ru,-Duser.variant]
2025-03-25T15:25:56.642+0300 [DEBUG] [org.gradle.internal.remote.internal.inet.InetAddresses] Adding IP addresses for network interface Software Loopback Interface 1
2025-03-25T15:25:56.643+0300 [DEBUG] [org.gradle.internal.remote.internal.inet.InetAddresses] Is this a loopback interface? true
2025-03-25T15:25:56.643+0300 [DEBUG] [org.gradle.internal.remote.internal.inet.InetAddresses] Adding loopback address /127.0.0.1
2025-03-25T15:25:56.643+0300 [DEBUG] [org.gradle.internal.remote.internal.inet.InetAddresses] Adding loopback address /0:0:0:0:0:0:0:1
2025-03-25T15:25:56.644+0300 [DEBUG] [org.gradle.internal.remote.internal.inet.InetAddresses] Adding IP addresses for network interface VMware Virtual Ethernet Adapter for VMnet8
2025-03-25T15:25:56.645+0300 [DEBUG] [org.gradle.internal.remote.internal.inet.InetAddresses] Is this a loopback interface? false
2025-03-25T15:25:56.645+0300 [DEBUG] [org.gradle.internal.remote.internal.inet.InetAddresses] Adding IP addresses for network interface RAS Async Adapter
2025-03-25T15:25:56.646+0300 [DEBUG] [org.gradle.internal.remote.internal.inet.InetAddresses] Is this a loopback interface? false
2025-03-25T15:25:56.647+0300 [DEBUG] [org.gradle.internal.remote.internal.inet.InetAddresses] Adding IP addresses for network interface VMware Virtual Ethernet Adapter for VMnet1
2025-03-25T15:25:56.648+0300 [DEBUG] [org.gradle.internal.remote.internal.inet.InetAddresses] Is this a loopback interface? false
2025-03-25T15:25:56.648+0300 [DEBUG] [org.gradle.internal.remote.internal.inet.InetAddresses] Adding IP addresses for network interface Teredo Tunneling Pseudo-Interface
2025-03-25T15:25:56.649+0300 [DEBUG] [org.gradle.internal.remote.internal.inet.InetAddresses] Is this a loopback interface? false
2025-03-25T15:25:56.649+0300 [DEBUG] [org.gradle.internal.remote.internal.inet.InetAddresses] Adding IP addresses for network interface Microsoft Kernel Debug Network Adapter
2025-03-25T15:25:56.650+0300 [DEBUG] [org.gradle.internal.remote.internal.inet.InetAddresses] Is this a loopback interface? false
2025-03-25T15:25:56.650+0300 [DEBUG] [org.gradle.internal.remote.internal.inet.InetAddresses] Adding IP addresses for network interface Realtek PCIe GbE Family Controller
2025-03-25T15:25:56.651+0300 [DEBUG] [org.gradle.internal.remote.internal.inet.InetAddresses] Is this a loopback interface? false
2025-03-25T15:25:56.651+0300 [DEBUG] [org.gradle.internal.remote.internal.inet.InetAddresses] Adding remote address /10.1.2.146
2025-03-25T15:25:56.651+0300 [DEBUG] [org.gradle.internal.remote.internal.inet.InetAddresses] Adding remote address /fe80:0:0:0:750a:2942:30a3:f7ad%eth3
2025-03-25T15:25:56.651+0300 [DEBUG] [org.gradle.internal.remote.internal.inet.InetAddresses] Adding IP addresses for network interface Microsoft ISATAP Adapter #2
2025-03-25T15:25:56.652+0300 [DEBUG] [org.gradle.internal.remote.internal.inet.InetAddresses] Is this a loopback interface? false
2025-03-25T15:25:56.652+0300 [DEBUG] [org.gradle.internal.remote.internal.inet.InetAddresses] Adding remote address /fe80:0:0:0:0:5efe:a01:292%net1
2025-03-25T15:25:56.653+0300 [DEBUG] [org.gradle.internal.remote.internal.inet.InetAddresses] Adding IP addresses for network interface Realtek PCIe GbE Family Controller-WFP Native MAC Layer LightWeight Filter-0000
2025-03-25T15:25:56.653+0300 [DEBUG] [org.gradle.internal.remote.internal.inet.InetAddresses] Is this a loopback interface? false
2025-03-25T15:25:56.653+0300 [DEBUG] [org.gradle.internal.remote.internal.inet.InetAddresses] Adding IP addresses for network interface Realtek PCIe GbE Family Controller-QoS Packet Scheduler-0000
2025-03-25T15:25:56.654+0300 [DEBUG] [org.gradle.internal.remote.internal.inet.InetAddresses] Is this a loopback interface? false
2025-03-25T15:25:56.654+0300 [DEBUG] [org.gradle.internal.remote.internal.inet.InetAddresses] Adding IP addresses for network interface Realtek PCIe GbE Family Controller-WFP 802.3 MAC Layer LightWeight Filter-0000
2025-03-25T15:25:56.655+0300 [DEBUG] [org.gradle.internal.remote.internal.inet.InetAddresses] Is this a loopback interface? false
2025-03-25T15:25:56.658+0300 [DEBUG] [org.gradle.internal.remote.internal.inet.TcpIncomingConnector] Listening on [f7de2af1-44c1-47eb-bbb0-8f6314e8d780 port:58001, addresses:[localhost/127.0.0.1]].
2025-03-25T15:25:56.666+0300 [DEBUG] [org.gradle.launcher.daemon.server.Daemon] Daemon starting at: Tue Mar 25 15:25:56 MSK 2025, with address: [f7de2af1-44c1-47eb-bbb0-8f6314e8d780 port:58001, addresses:[localhost/127.0.0.1]]
2025-03-25T15:25:56.666+0300 [INFO] [org.gradle.launcher.daemon.server.DaemonRegistryUpdater] Advertising the daemon address to the clients: [f7de2af1-44c1-47eb-bbb0-8f6314e8d780 port:58001, addresses:[localhost/127.0.0.1]]
2025-03-25T15:25:56.667+0300 [DEBUG] [org.gradle.launcher.daemon.server.DaemonRegistryUpdater] Advertised daemon context: DefaultDaemonContext[uid=b56dd19c-5922-4433-8172-754ae1ff5ebb,javaHome=C:\Users\Сергей\.jdks\corretto-16.0.2,javaVersion=16,javaVendor=Amazon.com Inc.,daemonRegistryDir=C:\Kotlin\avtotest\avtotest\daemon,pid=7308,idleTimeout=10800000,priority=NORMAL,applyInstrumentationAgent=true,nativeServicesMode=ENABLED,daemonOpts=--add-opens=java.base/java.util=ALL-UNNAMED,--add-opens=java.base/java.lang=ALL-UNNAMED,--add-opens=java.base/java.lang.invoke=ALL-UNNAMED,--add-opens=java.prefs/java.util.prefs=ALL-UNNAMED,--add-exports=jdk.compiler/com.sun.tools.javac.api=ALL-UNNAMED,--add-exports=jdk.compiler/com.sun.tools.javac.util=ALL-UNNAMED,--add-opens=java.base/java.nio.charset=ALL-UNNAMED,--add-opens=java.base/java.net=ALL-UNNAMED,--add-opens=java.base/java.util.concurrent.atomic=ALL-UNNAMED,-XX:MaxMetaspaceSize=384m,-XX:+HeapDumpOnOutOfMemoryError,-Xms256m,-Xmx512m,-Dfile.encoding=UTF-8,-Duser.country=RU,-Duser.language=ru,-Duser.variant]
2025-03-25T15:25:56.668+0300 [DEBUG] [org.gradle.launcher.daemon.registry.PersistentDaemonRegistry] Storing daemon address: [f7de2af1-44c1-47eb-bbb0-8f6314e8d780 port:58001, addresses:[localhost/127.0.0.1]], context: DefaultDaemonContext[uid=b56dd19c-5922-4433-8172-754ae1ff5ebb,javaHome=C:\Users\Сергей\.jdks\corretto-16.0.2,javaVersion=16,javaVendor=Amazon.com Inc.,daemonRegistryDir=C:\Kotlin\avtotest\avtotest\daemon,pid=7308,idleTimeout=10800000,priority=NORMAL,applyInstrumentationAgent=true,nativeServicesMode=ENABLED,daemonOpts=--add-opens=java.base/java.util=ALL-UNNAMED,--add-opens=java.base/java.lang=ALL-UNNAMED,--add-opens=java.base/java.lang.invoke=ALL-UNNAMED,--add-opens=java.prefs/java.util.prefs=ALL-UNNAMED,--add-exports=jdk.compiler/com.sun.tools.javac.api=ALL-UNNAMED,--add-exports=jdk.compiler/com.sun.tools.javac.util=ALL-UNNAMED,--add-opens=java.base/java.nio.charset=ALL-UNNAMED,--add-opens=java.base/java.net=ALL-UNNAMED,--add-opens=java.base/java.util.concurrent.atomic=ALL-UNNAMED,-XX:MaxMetaspaceSize=384m,-XX:+HeapDumpOnOutOfMemoryError,-Xms256m,-Xmx512m,-Dfile.encoding=UTF-8,-Duser.country=RU,-Duser.language=ru,-Duser.variant]
2025-03-25T15:25:56.682+0300 [DEBUG] [org.gradle.cache.internal.DefaultFileLockManager] Waiting to acquire exclusive lock on daemon addresses registry.
2025-03-25T15:25:56.686+0300 [DEBUG] [org.gradle.cache.internal.DefaultFileLockManager] Lock acquired on daemon addresses registry.
2025-03-25T15:25:56.693+0300 [DEBUG] [org.gradle.cache.internal.DefaultFileLockManager] Releasing lock on daemon addresses registry.
2025-03-25T15:25:56.694+0300 [LIFECYCLE] [org.gradle.launcher.daemon.server.Daemon] Daemon server started.
2025-03-25T15:25:56.695+0300 [DEBUG] [org.gradle.launcher.daemon.bootstrap.DaemonStartupCommunication] Completed writing the daemon greeting. Closing streams...
2025-03-25T15:25:56.703+0300 [DEBUG] [org.gradle.launcher.daemon.server.Daemon] stopOnExpiration() called on daemon
2025-03-25T15:25:56.705+0300 [DEBUG] [org.gradle.launcher.daemon.server.Daemon] awaitExpiration() called on daemon
2025-03-25T15:25:56.706+0300 [DEBUG] [org.gradle.launcher.daemon.server.DaemonStateCoordinator] daemon is running. Sleeping until state changes.
2025-03-25T15:25:56.714+0300 [DEBUG] [org.gradle.internal.remote.internal.inet.TcpIncomingConnector] Accepted connection from /127.0.0.1:58002 to /127.0.0.1:58001.
2025-03-25T15:25:56.808+0300 [DEBUG] [org.gradle.launcher.daemon.server.SynchronizedDispatchConnection] thread 21: received class org.gradle.launcher.daemon.protocol.Build
2025-03-25T15:25:56.808+0300 [DEBUG] [org.gradle.launcher.daemon.server.DefaultDaemonConnection] thread 21: Received non-IO message from client: Build{id=e2942f23-a9a2-4fb8-8a74-1beef02b68bd, currentDir=C:\Users\Сергей\When_online}
2025-03-25T15:25:56.808+0300 [INFO] [org.gradle.launcher.daemon.server.DefaultIncomingConnectionHandler] Received command: Build{id=e2942f23-a9a2-4fb8-8a74-1beef02b68bd, currentDir=C:\Users\Сергей\When_online}.
2025-03-25T15:25:56.809+0300 [DEBUG] [org.gradle.launcher.daemon.server.DefaultIncomingConnectionHandler] Starting executing command: Build{id=e2942f23-a9a2-4fb8-8a74-1beef02b68bd, currentDir=C:\Users\Сергей\When_online} with connection: socket connection from /127.0.0.1:58001 to /127.0.0.1:58002.
2025-03-25T15:25:56.813+0300 [DEBUG] [org.gradle.launcher.daemon.server.DaemonStateCoordinator] Command execution: started DaemonCommandExecution[command = Build{id=e2942f23-a9a2-4fb8-8a74-1beef02b68bd, currentDir=C:\Users\Сергей\When_online}, connection = DefaultDaemonConnection: socket connection from /127.0.0.1:58001 to /127.0.0.1:58002] after 0.003 minutes of idle
2025-03-25T15:25:56.814+0300 [INFO] [org.gradle.launcher.daemon.server.DaemonRegistryUpdater] Marking the daemon as busy, address: [f7de2af1-44c1-47eb-bbb0-8f6314e8d780 port:58001, addresses:[localhost/127.0.0.1]]
2025-03-25T15:25:56.814+0300 [DEBUG] [org.gradle.launcher.daemon.registry.PersistentDaemonRegistry] Marking busy by address: [f7de2af1-44c1-47eb-bbb0-8f6314e8d780 port:58001, addresses:[localhost/127.0.0.1]]
2025-03-25T15:25:56.816+0300 [DEBUG] [org.gradle.cache.internal.DefaultFileLockManager] Waiting to acquire exclusive lock on daemon addresses registry.
2025-03-25T15:25:56.817+0300 [DEBUG] [org.gradle.cache.internal.DefaultFileLockManager] Lock acquired on daemon addresses registry.
2025-03-25T15:25:56.821+0300 [DEBUG] [org.gradle.cache.internal.DefaultFileLockManager] Releasing lock on daemon addresses registry.
2025-03-25T15:25:56.822+0300 [DEBUG] [org.gradle.launcher.daemon.server.DaemonStateCoordinator] resetting idle timer
2025-03-25T15:25:56.822+0300 [DEBUG] [org.gradle.launcher.daemon.server.DaemonStateCoordinator] daemon is running. Sleeping until state changes.
2025-03-25T15:25:56.823+0300 [INFO] [org.gradle.launcher.daemon.server.exec.StartBuildOrRespondWithBusy] Daemon is about to start building Build{id=e2942f23-a9a2-4fb8-8a74-1beef02b68bd, currentDir=C:\Users\Сергей\When_online}. Dispatching build started information...
2025-03-25T15:25:56.823+0300 [DEBUG] [org.gradle.launcher.daemon.server.SynchronizedDispatchConnection] thread 23: dispatching org.gradle.launcher.daemon.protocol.BuildStarted@72592b35
2025-03-25T15:25:56.825+0300 [DEBUG] [org.gradle.launcher.daemon.server.exec.EstablishBuildEnvironment] Configuring env variables: [USERDOMAIN_ROAMINGPROFILE, LOCALAPPDATA, PROCESSOR_LEVEL, USERDOMAIN, ASCON_POLYNOM_LIBRARY, LOGONSERVER, FPS_BROWSER_APP_PROFILE_STRING, JAVA_HOME, SESSIONNAME, ALLUSERSPROFILE, PROCESSOR_ARCHITECTURE, PSModulePath, SystemDrive, APPDATA, USERNAME, POLYNOM_INSTALL_PATH, ProgramFiles(x86), CommonProgramFiles, Path, FPS_BROWSER_USER_PROFILE_STRING, PATHEXT, OS, GCBASIC_INSTALL_PATH, COMPUTERNAME, KOMPAS_SDK, PROCESSOR_REVISION, PGDATA, CommonProgramW6432, ComSpec, OMP_NUM_THREADS, ProgramData, ProgramW6432, TEMP, HOMEPATH, SystemRoot, HOMEDRIVE, USERPROFILE, PROCESSOR_IDENTIFIER, TMP, CommonProgramFiles(x86), ProgramFiles, PUBLIC, windir, NUMBER_OF_PROCESSORS]
2025-03-25T15:25:56.829+0300 [DEBUG] [org.gradle.launcher.daemon.server.exec.LogToClient] About to start relaying all logs to the client via the connection.
2025-03-25T15:25:56.829+0300 [INFO] [org.gradle.launcher.daemon.server.exec.LogToClient] The client will now receive all logging from the daemon (pid: 7308). The daemon log file: C:\Kotlin\avtotest\avtotest\daemon\8.10\daemon-7308.out.log
2025-03-25T15:25:56.830+0300 [INFO] [org.gradle.launcher.daemon.server.exec.LogAndCheckHealth] Starting build in new daemon [memory: 512 MiB]
2025-03-25T15:25:56.833+0300 [DEBUG] [org.gradle.launcher.daemon.server.exec.ExecuteBuild] The daemon has started executing the build.
2025-03-25T15:25:56.834+0300 [DEBUG] [org.gradle.launcher.daemon.server.exec.ExecuteBuild] Executing build with daemon context: DefaultDaemonContext[uid=b56dd19c-5922-4433-8172-754ae1ff5ebb,javaHome=C:\Users\Сергей\.jdks\corretto-16.0.2,javaVersion=16,javaVendor=Amazon.com Inc.,daemonRegistryDir=C:\Kotlin\avtotest\avtotest\daemon,pid=7308,idleTimeout=10800000,priority=NORMAL,applyInstrumentationAgent=true,nativeServicesMode=ENABLED,daemonOpts=--add-opens=java.base/java.util=ALL-UNNAMED,--add-opens=java.base/java.lang=ALL-UNNAMED,--add-opens=java.base/java.lang.invoke=ALL-UNNAMED,--add-opens=java.prefs/java.util.prefs=ALL-UNNAMED,--add-exports=jdk.compiler/com.sun.tools.javac.api=ALL-UNNAMED,--add-exports=jdk.compiler/com.sun.tools.javac.util=ALL-UNNAMED,--add-opens=java.base/java.nio.charset=ALL-UNNAMED,--add-opens=java.base/java.net=ALL-UNNAMED,--add-opens=java.base/java.util.concurrent.atomic=ALL-UNNAMED,-XX:MaxMetaspaceSize=384m,-XX:+HeapDumpOnOutOfMemoryError,-Xms256m,-Xmx512m,-Dfile.encoding=UTF-8,-Duser.country=RU,-Duser.language=ru,-Duser.variant]

Deprecated Gradle features were used in this build, making it incompatible with Gradle 9.0.

You can use '--warning-mode all' to show the individual deprecation warnings and determine if they come from your own scripts or plugins.

For more on this, please refer to https://docs.gradle.org/8.10/userguide/command_line_interface.html#sec:command_line_warnings in the Gradle documentation.

BUILD SUCCESSFUL in 18s
2025-03-25T15:26:13.243+0300 [DEBUG] [org.gradle.launcher.daemon.server.exec.ExecuteBuild] The daemon has finished executing the build.
2025-03-25T15:26:13.259+0300 [DEBUG] [org.gradle.launcher.daemon.server.DaemonStateCoordinator] daemon is running. Sleeping until state changes.
2025-03-25T15:26:13.259+0300 [DEBUG] [org.gradle.launcher.daemon.server.DaemonStateCoordinator] Command execution: finished waiting for DaemonCommandExecution[command = Build{id=e2942f23-a9a2-4fb8-8a74-1beef02b68bd, currentDir=C:\Users\Сергей\When_online}, connection = DefaultDaemonConnection: socket connection from /127.0.0.1:58001 to /127.0.0.1:58002]. Result org.gradle.launcher.daemon.server.DaemonStateCoordinator@7315f28b with state Busy
2025-03-25T15:26:13.259+0300 [DEBUG] [org.gradle.launcher.daemon.server.DaemonStateCoordinator] Command execution: completed DaemonCommandExecution[command = Build{id=e2942f23-a9a2-4fb8-8a74-1beef02b68bd, currentDir=C:\Users\Сергей\When_online}, connection = DefaultDaemonConnection: socket connection from /127.0.0.1:58001 to /127.0.0.1:58002]
2025-03-25T15:26:13.259+0300 [DEBUG] [org.gradle.launcher.daemon.server.DaemonStateCoordinator] resetting idle timer
2025-03-25T15:26:13.259+0300 [INFO] [org.gradle.launcher.daemon.server.DaemonRegistryUpdater] Marking the daemon as idle, address: [f7de2af1-44c1-47eb-bbb0-8f6314e8d780 port:58001, addresses:[localhost/127.0.0.1]]
2025-03-25T15:26:13.259+0300 [DEBUG] [org.gradle.launcher.daemon.registry.PersistentDaemonRegistry] Marking busy by address: [f7de2af1-44c1-47eb-bbb0-8f6314e8d780 port:58001, addresses:[localhost/127.0.0.1]]
2025-03-25T15:26:13.261+0300 [DEBUG] [org.gradle.cache.internal.DefaultFileLockManager] Waiting to acquire exclusive lock on daemon addresses registry.
2025-03-25T15:26:13.262+0300 [DEBUG] [org.gradle.cache.internal.DefaultFileLockManager] Lock acquired on daemon addresses registry.
2025-03-25T15:26:13.266+0300 [DEBUG] [org.gradle.cache.internal.DefaultFileLockManager] Releasing lock on daemon addresses registry.
2025-03-25T15:26:13.266+0300 [DEBUG] [org.gradle.launcher.daemon.server.DaemonStateCoordinator] daemon is running. Sleeping until state changes.
2025-03-25T15:26:13.266+0300 [DEBUG] [org.gradle.launcher.daemon.server.exec.ReturnResult] Daemon is dispatching the build result: Success[value=org.gradle.launcher.exec.BuildActionResult@2a3e794e]
2025-03-25T15:26:13.267+0300 [DEBUG] [org.gradle.launcher.daemon.server.SynchronizedDispatchConnection] thread 20: dispatching Success[value=org.gradle.launcher.exec.BuildActionResult@2a3e794e]
2025-03-25T15:26:13.267+0300 [DEBUG] [org.gradle.launcher.daemon.server.SynchronizedDispatchConnection] thread 21: received class org.gradle.launcher.daemon.protocol.CloseInput
2025-03-25T15:26:13.268+0300 [DEBUG] [org.gradle.launcher.daemon.server.DefaultDaemonConnection] thread 21: Received IO message from client: org.gradle.launcher.daemon.protocol.CloseInput@35fcfe68
2025-03-25T15:26:13.268+0300 [DEBUG] [org.gradle.launcher.daemon.server.SynchronizedDispatchConnection] thread 21: received class org.gradle.launcher.daemon.protocol.Finished
2025-03-25T15:26:13.268+0300 [DEBUG] [org.gradle.launcher.daemon.server.DefaultDaemonConnection] thread 21: Received non-IO message from client: org.gradle.launcher.daemon.protocol.Finished@29d6a610
2025-03-25T15:26:13.269+0300 [DEBUG] [org.gradle.internal.remote.internal.inet.SocketConnection] Discarding EOFException: java.io.EOFException
2025-03-25T15:26:13.269+0300 [DEBUG] [org.gradle.launcher.daemon.server.SynchronizedDispatchConnection] thread 21: received null
2025-03-25T15:26:13.269+0300 [DEBUG] [org.gradle.launcher.daemon.server.DefaultDaemonConnection] thread 21: Received end-of-input from client.
2025-03-25T15:26:13.270+0300 [DEBUG] [org.gradle.launcher.daemon.server.exec.CleanUpVirtualFileSystemAfterBuild] Cleaning virtual file system after build finished
2025-03-25T15:26:13.270+0300 [DEBUG] [org.gradle.launcher.daemon.server.DefaultIncomingConnectionHandler] Finishing executing command: Build{id=e2942f23-a9a2-4fb8-8a74-1beef02b68bd, currentDir=C:\Users\Сергей\When_online}
2025-03-25T15:26:13.270+0300 [WARN] [org.gradle.launcher.daemon.server.DefaultIncomingConnectionHandler] Timed out waiting for finished message from client socket connection from /127.0.0.1:58001 to /127.0.0.1:58002. Discarding connection.
2025-03-25T15:26:13.270+0300 [DEBUG] [org.gradle.launcher.daemon.server.SynchronizedDispatchConnection] thread 20: stopping connection
2025-03-25T15:26:13.271+0300 [DEBUG] [org.gradle.launcher.daemon.server.SynchronizedDispatchConnection] thread 20: stopping connection
2025-03-25T15:26:16.746+0300 [DEBUG] [org.gradle.cache.internal.DefaultFileLockManager] Waiting to acquire shared lock on daemon addresses registry.
2025-03-25T15:26:16.747+0300 [DEBUG] [org.gradle.cache.internal.DefaultFileLockManager] Lock acquired on daemon addresses registry.
2025-03-25T15:26:16.766+0300 [DEBUG] [org.gradle.cache.internal.DefaultFileLockManager] Releasing lock on daemon addresses registry.
2025-03-25T15:26:16.773+0300 [DEBUG] [org.gradle.cache.internal.DefaultFileLockManager] Waiting to acquire shared lock on daemon addresses registry.
2025-03-25T15:26:16.773+0300 [DEBUG] [org.gradle.cache.internal.DefaultFileLockManager] Lock acquired on daemon addresses registry.
2025-03-25T15:26:16.777+0300 [DEBUG] [org.gradle.cache.internal.DefaultFileLockManager] Releasing lock on daemon addresses registry.
2025-03-25T15:26:19.640+0300 [DEBUG] [org.gradle.internal.remote.internal.inet.TcpIncomingConnector] Accepted connection from /127.0.0.1:58038 to /127.0.0.1:58001.
2025-03-25T15:26:19.644+0300 [DEBUG] [org.gradle.launcher.daemon.server.SynchronizedDispatchConnection] thread 80: received class org.gradle.launcher.daemon.protocol.ReportStatus
2025-03-25T15:26:19.644+0300 [DEBUG] [org.gradle.launcher.daemon.server.DefaultDaemonConnection] thread 80: Received non-IO message from client: ReportStatus[id=360ab6a6-5975-41bd-a621-373aa5819427]
2025-03-25T15:26:19.645+0300 [INFO] [org.gradle.launcher.daemon.server.DefaultIncomingConnectionHandler] Received command: ReportStatus[id=360ab6a6-5975-41bd-a621-373aa5819427].
2025-03-25T15:26:19.645+0300 [DEBUG] [org.gradle.launcher.daemon.server.DefaultIncomingConnectionHandler] Starting executing command: ReportStatus[id=360ab6a6-5975-41bd-a621-373aa5819427] with connection: socket connection from /127.0.0.1:58001 to /127.0.0.1:58038.
2025-03-25T15:26:19.646+0300 [DEBUG] [org.gradle.launcher.daemon.server.SynchronizedDispatchConnection] thread 20: dispatching Success[value=org.gradle.launcher.daemon.protocol.Status@5aabf4d4]
2025-03-25T15:26:19.647+0300 [DEBUG] [org.gradle.launcher.daemon.server.SynchronizedDispatchConnection] thread 80: received class org.gradle.launcher.daemon.protocol.Finished
2025-03-25T15:26:19.647+0300 [DEBUG] [org.gradle.launcher.daemon.server.DefaultDaemonConnection] thread 80: Received non-IO message from client: org.gradle.launcher.daemon.protocol.Finished@79e8b010
2025-03-25T15:26:19.648+0300 [DEBUG] [org.gradle.launcher.daemon.server.DefaultIncomingConnectionHandler] Finishing executing command: ReportStatus[id=360ab6a6-5975-41bd-a621-373aa5819427]
2025-03-25T15:26:19.648+0300 [DEBUG] [org.gradle.launcher.daemon.server.DefaultIncomingConnectionHandler] Received finished message: org.gradle.launcher.daemon.protocol.Finished@79e8b010
2025-03-25T15:26:19.648+0300 [DEBUG] [org.gradle.launcher.daemon.server.SynchronizedDispatchConnection] thread 20: stopping connection
2025-03-25T15:26:19.649+0300 [DEBUG] [org.gradle.internal.remote.internal.inet.SocketConnection] Discarding EOFException: java.io.EOFException
2025-03-25T15:26:19.649+0300 [DEBUG] [org.gradle.launcher.daemon.server.SynchronizedDispatchConnection] thread 80: received null
2025-03-25T15:26:19.649+0300 [DEBUG] [org.gradle.launcher.daemon.server.DefaultDaemonConnection] thread 80: Received end-of-input from client.
2025-03-25T15:26:19.649+0300 [DEBUG] [org.gradle.launcher.daemon.server.SynchronizedDispatchConnection] thread 20: stopping connection
2025-03-25T15:26:19.713+0300 [DEBUG] [org.gradle.internal.remote.internal.inet.TcpIncomingConnector] Accepted connection from /127.0.0.1:58048 to /127.0.0.1:58001.
2025-03-25T15:26:19.715+0300 [DEBUG] [org.gradle.launcher.daemon.server.SynchronizedDispatchConnection] thread 82: received class org.gradle.launcher.daemon.protocol.ReportStatus
2025-03-25T15:26:19.716+0300 [DEBUG] [org.gradle.launcher.daemon.server.DefaultDaemonConnection] thread 82: Received non-IO message from client: ReportStatus[id=ec0c9b31-efd7-4336-b142-4c43181c5d71]
2025-03-25T15:26:19.716+0300 [INFO] [org.gradle.launcher.daemon.server.DefaultIncomingConnectionHandler] Received command: ReportStatus[id=ec0c9b31-efd7-4336-b142-4c43181c5d71].
2025-03-25T15:26:19.716+0300 [DEBUG] [org.gradle.launcher.daemon.server.DefaultIncomingConnectionHandler] Starting executing command: ReportStatus[id=ec0c9b31-efd7-4336-b142-4c43181c5d71] with connection: socket connection from /127.0.0.1:58001 to /127.0.0.1:58048.
2025-03-25T15:26:19.717+0300 [DEBUG] [org.gradle.launcher.daemon.server.SynchronizedDispatchConnection] thread 20: dispatching Success[value=org.gradle.launcher.daemon.protocol.Status@14a2665e]
2025-03-25T15:26:19.717+0300 [DEBUG] [org.gradle.launcher.daemon.server.SynchronizedDispatchConnection] thread 82: received class org.gradle.launcher.daemon.protocol.Finished
2025-03-25T15:26:19.717+0300 [DEBUG] [org.gradle.launcher.daemon.server.DefaultDaemonConnection] thread 82: Received non-IO message from client: org.gradle.launcher.daemon.protocol.Finished@5fd13278
2025-03-25T15:26:19.718+0300 [DEBUG] [org.gradle.launcher.daemon.server.DefaultIncomingConnectionHandler] Finishing executing command: ReportStatus[id=ec0c9b31-efd7-4336-b142-4c43181c5d71]
2025-03-25T15:26:19.718+0300 [DEBUG] [org.gradle.launcher.daemon.server.DefaultIncomingConnectionHandler] Received finished message: org.gradle.launcher.daemon.protocol.Finished@5fd13278
2025-03-25T15:26:19.718+0300 [DEBUG] [org.gradle.launcher.daemon.server.SynchronizedDispatchConnection] thread 20: stopping connection
2025-03-25T15:26:19.718+0300 [DEBUG] [org.gradle.internal.remote.internal.inet.SocketConnection] Discarding EOFException: java.io.EOFException
2025-03-25T15:26:19.718+0300 [DEBUG] [org.gradle.launcher.daemon.server.SynchronizedDispatchConnection] thread 82: received null
2025-03-25T15:26:19.719+0300 [DEBUG] [org.gradle.launcher.daemon.server.DefaultDaemonConnection] thread 82: Received end-of-input from client.
2025-03-25T15:26:19.719+0300 [DEBUG] [org.gradle.launcher.daemon.server.SynchronizedDispatchConnection] thread 20: stopping connection
2025-03-25T15:26:20.656+0300 [DEBUG] [org.gradle.internal.remote.internal.inet.TcpIncomingConnector] Accepted connection from /127.0.0.1:58055 to /127.0.0.1:58001.
2025-03-25T15:26:20.665+0300 [DEBUG] [org.gradle.launcher.daemon.server.SynchronizedDispatchConnection] thread 84: received class org.gradle.launcher.daemon.protocol.StopWhenIdle
2025-03-25T15:26:20.665+0300 [DEBUG] [org.gradle.launcher.daemon.server.DefaultDaemonConnection] thread 84: Received non-IO message from client: StopWhenIdle[id=f1d967bc-ea35-4cfd-aa52-bd2c596e2a63]
2025-03-25T15:26:20.666+0300 [INFO] [org.gradle.launcher.daemon.server.DefaultIncomingConnectionHandler] Received command: StopWhenIdle[id=f1d967bc-ea35-4cfd-aa52-bd2c596e2a63].
2025-03-25T15:26:20.666+0300 [DEBUG] [org.gradle.launcher.daemon.server.DefaultIncomingConnectionHandler] Starting executing command: StopWhenIdle[id=f1d967bc-ea35-4cfd-aa52-bd2c596e2a63] with connection: socket connection from /127.0.0.1:58001 to /127.0.0.1:58055.
2025-03-25T15:26:20.667+0300 [DEBUG] [org.gradle.launcher.daemon.server.DaemonRegistryUpdater] Storing daemon stop event: stop command received
2025-03-25T15:26:20.668+0300 [DEBUG] [org.gradle.launcher.daemon.registry.PersistentDaemonRegistry] Storing daemon stop event with timestamp 1742905580671
2025-03-25T15:26:20.676+0300 [DEBUG] [org.gradle.cache.internal.DefaultFileLockManager] Waiting to acquire exclusive lock on daemon addresses registry.
2025-03-25T15:26:20.678+0300 [DEBUG] [org.gradle.cache.internal.DefaultFileLockManager] Lock acquired on daemon addresses registry.
2025-03-25T15:26:20.689+0300 [DEBUG] [org.gradle.cache.internal.DefaultFileLockManager] Releasing lock on daemon addresses registry.
2025-03-25T15:26:20.689+0300 [LIFECYCLE] [org.gradle.launcher.daemon.server.DaemonStateCoordinator] Daemon will be stopped at the end of the build stop command received
2025-03-25T15:26:20.690+0300 [DEBUG] [org.gradle.launcher.daemon.server.DaemonStateCoordinator] Marking daemon stopped due to stop command received. The daemon is not running a build
2025-03-25T15:26:20.690+0300 [DEBUG] [org.gradle.launcher.daemon.server.DaemonStateCoordinator] daemon has stopped.
2025-03-25T15:26:20.690+0300 [DEBUG] [org.gradle.launcher.daemon.server.SynchronizedDispatchConnection] thread 20: dispatching Success[value=null]
2025-03-25T15:26:20.691+0300 [DEBUG] [org.gradle.launcher.daemon.server.SynchronizedDispatchConnection] thread 84: received class org.gradle.launcher.daemon.protocol.Finished
2025-03-25T15:26:20.692+0300 [DEBUG] [org.gradle.launcher.daemon.server.DefaultDaemonConnection] thread 84: Received non-IO message from client: org.gradle.launcher.daemon.protocol.Finished@20a1ba48
2025-03-25T15:26:20.692+0300 [DEBUG] [org.gradle.launcher.daemon.server.DefaultIncomingConnectionHandler] Finishing executing command: StopWhenIdle[id=f1d967bc-ea35-4cfd-aa52-bd2c596e2a63]
2025-03-25T15:26:20.692+0300 [DEBUG] [org.gradle.launcher.daemon.server.Daemon] stop() called on daemon
2025-03-25T15:26:20.692+0300 [DEBUG] [org.gradle.launcher.daemon.server.DefaultIncomingConnectionHandler] Received finished message: org.gradle.launcher.daemon.protocol.Finished@20a1ba48
2025-03-25T15:26:20.692+0300 [DEBUG] [org.gradle.internal.remote.internal.inet.SocketConnection] Discarding EOFException: java.io.EOFException
2025-03-25T15:26:20.693+0300 [DEBUG] [org.gradle.launcher.daemon.server.SynchronizedDispatchConnection] thread 20: stopping connection
2025-03-25T15:26:20.693+0300 [INFO] [org.gradle.launcher.daemon.server.Daemon] Stop requested. Daemon is removing its presence from the registry...
2025-03-25T15:26:20.693+0300 [DEBUG] [org.gradle.launcher.daemon.server.SynchronizedDispatchConnection] thread 84: received null
2025-03-25T15:26:20.694+0300 [DEBUG] [org.gradle.launcher.daemon.server.DaemonRegistryUpdater] Removing our presence to clients, eg. removing this address from the registry: [f7de2af1-44c1-47eb-bbb0-8f6314e8d780 port:58001, addresses:[localhost/127.0.0.1]]
2025-03-25T15:26:20.694+0300 [DEBUG] [org.gradle.launcher.daemon.server.DefaultDaemonConnection] thread 84: Received end-of-input from client.
2025-03-25T15:26:20.694+0300 [DEBUG] [org.gradle.launcher.daemon.registry.PersistentDaemonRegistry] Removing daemon address: [f7de2af1-44c1-47eb-bbb0-8f6314e8d780 port:58001, addresses:[localhost/127.0.0.1]]
2025-03-25T15:26:20.695+0300 [DEBUG] [org.gradle.launcher.daemon.server.SynchronizedDispatchConnection] thread 20: stopping connection
2025-03-25T15:26:20.711+0300 [DEBUG] [org.gradle.cache.internal.DefaultFileLockManager] Waiting to acquire exclusive lock on daemon addresses registry.
2025-03-25T15:26:20.712+0300 [DEBUG] [org.gradle.cache.internal.DefaultFileLockManager] Lock acquired on daemon addresses registry.
2025-03-25T15:26:20.722+0300 [DEBUG] [org.gradle.cache.internal.DefaultFileLockManager] Releasing lock on daemon addresses registry.
2025-03-25T15:26:20.723+0300 [DEBUG] [org.gradle.launcher.daemon.server.DaemonRegistryUpdater] Address removed from registry.
2025-03-25T15:26:20.724+0300 [DEBUG] [org.gradle.cache.internal.LockOnDemandCrossProcessCacheAccess] Releasing file lock for jars (C:\Kotlin\avtotest\avtotest\caches\jars-9)
2025-03-25T15:26:20.724+0300 [DEBUG] [org.gradle.cache.internal.DefaultFileLockManager] Releasing lock on jars (C:\Kotlin\avtotest\avtotest\caches\jars-9).
2025-03-25T15:26:20.726+0300 [DEBUG] [org.gradle.cache.internal.DefaultCacheCleanupExecutor] jars (C:\Kotlin\avtotest\avtotest\caches\jars-9) has last been fully cleaned up 0 hours ago
2025-03-25T15:26:20.726+0300 [DEBUG] [org.gradle.cache.internal.DefaultCacheCleanupExecutor] Skipping cleanup for jars (C:\Kotlin\avtotest\avtotest\caches\jars-9) as it is not yet due
2025-03-25T15:26:20.726+0300 [DEBUG] [org.gradle.cache.internal.LockOnDemandCrossProcessCacheAccess] Releasing file lock for file content cache (C:\Kotlin\avtotest\avtotest\caches\8.10\fileContent)
2025-03-25T15:26:20.727+0300 [DEBUG] [org.gradle.cache.internal.DefaultFileLockManager] Releasing lock on file content cache (C:\Kotlin\avtotest\avtotest\caches\8.10\fileContent).
2025-03-25T15:26:20.727+0300 [DEBUG] [org.gradle.cache.internal.LockOnDemandCrossProcessCacheAccess] Releasing file lock for Generated Gradle JARs cache (C:\Kotlin\avtotest\avtotest\caches\8.10\generated-gradle-jars)
2025-03-25T15:26:20.727+0300 [DEBUG] [org.gradle.cache.internal.DefaultFileLockManager] Releasing lock on Generated Gradle JARs cache (C:\Kotlin\avtotest\avtotest\caches\8.10\generated-gradle-jars).
2025-03-25T15:26:20.727+0300 [DEBUG] [org.gradle.cache.internal.LockOnDemandCrossProcessCacheAccess] Releasing file lock for artifact cache (C:\Kotlin\avtotest\avtotest\caches\modules-2)
2025-03-25T15:26:20.728+0300 [DEBUG] [org.gradle.cache.internal.btree.BTreePersistentIndexedCache] Closing cache module-artifact.bin (C:\Kotlin\avtotest\avtotest\caches\modules-2\metadata-2.106\module-artifact.bin)
2025-03-25T15:26:20.728+0300 [DEBUG] [org.gradle.cache.internal.btree.BTreePersistentIndexedCache] Closing cache module-metadata.bin (C:\Kotlin\avtotest\avtotest\caches\modules-2\metadata-2.106\module-metadata.bin)
2025-03-25T15:26:20.728+0300 [DEBUG] [org.gradle.cache.internal.btree.BTreePersistentIndexedCache] Closing cache module-artifacts.bin (C:\Kotlin\avtotest\avtotest\caches\modules-2\metadata-2.106\module-artifacts.bin)
2025-03-25T15:26:20.728+0300 [DEBUG] [org.gradle.cache.internal.DefaultFileLockManager] Releasing lock on artifact cache (C:\Kotlin\avtotest\avtotest\caches\modules-2).
2025-03-25T15:26:20.730+0300 [DEBUG] [org.gradle.cache.internal.DefaultCacheCleanupExecutor] artifact cache (C:\Kotlin\avtotest\avtotest\caches\modules-2) has last been fully cleaned up 0 hours ago
2025-03-25T15:26:20.730+0300 [DEBUG] [org.gradle.cache.internal.DefaultCacheCleanupExecutor] Skipping cleanup for artifact cache (C:\Kotlin\avtotest\avtotest\caches\modules-2) as it is not yet due
2025-03-25T15:26:20.732+0300 [DEBUG] [org.gradle.cache.internal.DefaultCacheCleanupExecutor] groovy-dsl (C:\Kotlin\avtotest\avtotest\caches\8.10\groovy-dsl) has last been fully cleaned up 0 hours ago
2025-03-25T15:26:20.732+0300 [DEBUG] [org.gradle.cache.internal.DefaultCacheCleanupExecutor] Skipping cleanup for groovy-dsl (C:\Kotlin\avtotest\avtotest\caches\8.10\groovy-dsl) as it is not yet due
2025-03-25T15:26:20.732+0300 [DEBUG] [org.gradle.cache.internal.DefaultCacheCoordinator] Cache groovy-dsl (C:\Kotlin\avtotest\avtotest\caches\8.10\groovy-dsl) was closed 0 times.
2025-03-25T15:26:20.733+0300 [DEBUG] [org.gradle.cache.internal.DefaultCacheCleanupExecutor] Artifact transforms cache (C:\Kotlin\avtotest\avtotest\caches\8.10\transforms) has last been fully cleaned up 0 hours ago
2025-03-25T15:26:20.733+0300 [DEBUG] [org.gradle.cache.internal.DefaultCacheCleanupExecutor] Skipping cleanup for Artifact transforms cache (C:\Kotlin\avtotest\avtotest\caches\8.10\transforms) as it is not yet due
2025-03-25T15:26:20.733+0300 [DEBUG] [org.gradle.cache.internal.DefaultCacheCoordinator] Cache Artifact transforms cache (C:\Kotlin\avtotest\avtotest\caches\8.10\transforms) was closed 0 times.
2025-03-25T15:26:20.734+0300 [DEBUG] [org.gradle.cache.internal.DefaultCacheCleanupExecutor] kotlin-dsl (C:\Kotlin\avtotest\avtotest\caches\8.10\kotlin-dsl) has last been fully cleaned up 0 hours ago
2025-03-25T15:26:20.735+0300 [DEBUG] [org.gradle.cache.internal.DefaultCacheCleanupExecutor] Skipping cleanup for kotlin-dsl (C:\Kotlin\avtotest\avtotest\caches\8.10\kotlin-dsl) as it is not yet due
2025-03-25T15:26:20.735+0300 [DEBUG] [org.gradle.cache.internal.DefaultCacheCoordinator] Cache kotlin-dsl (C:\Kotlin\avtotest\avtotest\caches\8.10\kotlin-dsl) was closed 0 times.
2025-03-25T15:26:20.735+0300 [DEBUG] [org.gradle.cache.internal.LockOnDemandCrossProcessCacheAccess] Releasing file lock for journal cache (C:\Kotlin\avtotest\avtotest\caches\journal-1)
2025-03-25T15:26:20.735+0300 [DEBUG] [org.gradle.cache.internal.btree.BTreePersistentIndexedCache] Closing cache file-access.bin (C:\Kotlin\avtotest\avtotest\caches\journal-1\file-access.bin)
2025-03-25T15:26:20.735+0300 [DEBUG] [org.gradle.cache.internal.DefaultFileLockManager] Releasing lock on journal cache (C:\Kotlin\avtotest\avtotest\caches\journal-1).
2025-03-25T15:26:20.736+0300 [DEBUG] [org.gradle.cache.internal.LockOnDemandCrossProcessCacheAccess] Releasing file lock for file hash cache (C:\Kotlin\avtotest\avtotest\caches\8.10\fileHashes)
2025-03-25T15:26:20.736+0300 [DEBUG] [org.gradle.cache.internal.btree.BTreePersistentIndexedCache] Closing cache fileHashes.bin (C:\Kotlin\avtotest\avtotest\caches\8.10\fileHashes\fileHashes.bin)
2025-03-25T15:26:20.736+0300 [DEBUG] [org.gradle.cache.internal.btree.BTreePersistentIndexedCache] Closing cache resourceHashesCache.bin (C:\Kotlin\avtotest\avtotest\caches\8.10\fileHashes\resourceHashesCache.bin)
2025-03-25T15:26:20.736+0300 [DEBUG] [org.gradle.cache.internal.DefaultFileLockManager] Releasing lock on file hash cache (C:\Kotlin\avtotest\avtotest\caches\8.10\fileHashes).
2025-03-25T15:26:20.737+0300 [DEBUG] [org.gradle.internal.operations.DefaultBuildOperationRunner] Build operation 'Deleting unused version-specific caches in C:\Kotlin\avtotest\avtotest\caches' started
2025-03-25T15:26:20.739+0300 [DEBUG] [org.gradle.internal.operations.DefaultBuildOperationRunner] Completing Build operation 'Deleting unused version-specific caches in C:\Kotlin\avtotest\avtotest\caches'
2025-03-25T15:26:20.739+0300 [DEBUG] [org.gradle.internal.operations.DefaultBuildOperationRunner] Build operation 'Deleting unused version-specific caches in C:\Kotlin\avtotest\avtotest\caches' completed
2025-03-25T15:26:20.739+0300 [DEBUG] [org.gradle.launcher.daemon.server.Daemon] stop() called on daemon
2025-03-25T15:26:20.739+0300 [INFO] [org.gradle.launcher.daemon.server.Daemon] Stop requested. Daemon is removing its presence from the registry...
2025-03-25T15:26:20.739+0300 [DEBUG] [org.gradle.launcher.daemon.server.DaemonRegistryUpdater] Removing our presence to clients, eg. removing this address from the registry: [f7de2af1-44c1-47eb-bbb0-8f6314e8d780 port:58001, addresses:[localhost/127.0.0.1]]
2025-03-25T15:26:20.740+0300 [DEBUG] [org.gradle.launcher.daemon.registry.PersistentDaemonRegistry] Removing daemon address: [f7de2af1-44c1-47eb-bbb0-8f6314e8d780 port:58001, addresses:[localhost/127.0.0.1]]
2025-03-25T15:26:20.772+0300 [DEBUG] [org.gradle.cache.internal.DefaultFileLockManager] Waiting to acquire exclusive lock on daemon addresses registry.
2025-03-25T15:26:20.773+0300 [DEBUG] [org.gradle.cache.internal.DefaultFileLockManager] Lock acquired on daemon addresses registry.
2025-03-25T15:26:20.786+0300 [DEBUG] [org.gradle.cache.internal.DefaultFileLockManager] Releasing lock on daemon addresses registry.
2025-03-25T15:26:20.786+0300 [DEBUG] [org.gradle.launcher.daemon.server.DaemonRegistryUpdater] Address removed from registry.
2025-03-25T15:26:20.789+0300 [DEBUG] [org.gradle.cache.internal.locklistener.DefaultFileLockContentionHandler] File lock listener thread completed.
2025-03-25T15:26:20.798+0300 [DEBUG] [org.gradle.launcher.daemon.registry.PersistentDaemonRegistry] Removing daemon address: [f7de2af1-44c1-47eb-bbb0-8f6314e8d780 port:58001, addresses:[localhost/127.0.0.1]]
2025-03-25T15:26:20.799+0300 [DEBUG] [org.gradle.launcher.daemon.server.Daemon] VM shutdown hook was unable to remove the daemon address from the registry. It will be cleaned up later.Daemon vm is shutting down... The daemon has exited normally or was terminated in response to a user interrupt.

java.lang.IllegalStateException: Cannot start managing file contention because this handler has been closed.
	at org.gradle.cache.internal.locklistener.DefaultFileLockContentionHandler.assertNotStopped(DefaultFileLockContentionHandler.java:217)
	at org.gradle.cache.internal.locklistener.DefaultFileLockContentionHandler.getCommunicator(DefaultFileLockContentionHandler.java:260)
	at org.gradle.cache.internal.locklistener.DefaultFileLockContentionHandler.reservePort(DefaultFileLockContentionHandler.java:254)
	at org.gradle.cache.internal.DefaultFileLockManager.lock(DefaultFileLockManager.java:124)
	at org.gradle.cache.internal.DefaultFileLockManager.lock(DefaultFileLockManager.java:106)
	at org.gradle.cache.internal.DefaultFileLockManager.lock(DefaultFileLockManager.java:101)
	at org.gradle.cache.internal.OnDemandFileAccess.updateFile(OnDemandFileAccess.java:51)
	at org.gradle.cache.internal.FileBackedObjectHolder.update(FileBackedObjectHolder.java:77)
	at org.gradle.cache.internal.FileIntegrityViolationSuppressingObjectHolderDecorator.lambda$update$0(FileIntegrityViolationSuppressingObjectHolderDecorator.java:48)
	at org.gradle.cache.internal.FileIntegrityViolationSuppressingObjectHolderDecorator.doUpdate(FileIntegrityViolationSuppressingObjectHolderDecorator.java:58)
	at org.gradle.cache.internal.FileIntegrityViolationSuppressingObjectHolderDecorator.update(FileIntegrityViolationSuppressingObjectHolderDecorator.java:48)
	at org.gradle.launcher.daemon.registry.PersistentDaemonRegistry.remove(PersistentDaemonRegistry.java:133)
	at org.gradle.launcher.daemon.server.Daemon$1.run(Daemon.java:133)
	at java.base/java.lang.Thread.run(Thread.java:831)
